
🥷═══════════════════════════════🥷
     IB-HEX-BOT v2.0 - DÉMARRAGE
🥷═══════════════════════════════🥷

🌐 Serveur web: http://localhost:3000
📱 En attente du QR Code...


🥷 IB-HEX-BOT v2.0 🥷
━━━━━━━━━━━━━━━━━━━━━━━━━━
📱 QR Code généré !
🌐 Accédez à: http://localhost:3000
━━━━━━━━━━━━━━━━━━━━━━━━━━

▄▄▄▄▄▄▄▄▄▄▄▄▄▄▄▄▄▄▄▄▄▄▄▄▄▄▄▄▄▄▄▄▄▄▄▄▄▄▄▄▄▄▄▄▄▄▄▄▄▄▄▄▄▄▄▄▄▄▄
█ ▄▄▄▄▄ █ █ █ ▀██▀ █▀▄▄ ▀ █  ▄▄ ▄▄▀▀█▄▄▄  ▄▄ ▄▀▄ ██ ▄▄▄▄▄ █
█ █   █ █ ▀ █ ▀▄▄▀▄███▄▀▄▄▀█▄ █▀ ███ ▄███ █  █ ▄ ██ █   █ █
█ █▄▄▄█ █▀█▀  ▄█▀█ ▀▀█▄█▀   ▄▄▄ ▀  ▀  ▀  █▄ █ ▄▀▄██ █▄▄▄█ █
█▄▄▄▄▄▄▄█▄▀▄█ ▀▄▀ █ ▀ █▄▀▄█ █▄█ ▀▄█▄█ █▄█ █ █ █ █ █▄▄▄▄▄▄▄█
█ ▄▀▀  ▄█▀▄▀▄▀▀ ▀█ ▄▀▀ ▀  ▀▄ ▄  ▄ ▄█▀ █▀ █ ▀▄▄█▄▀ █▀ ▀▄ ▄ █
█▄█ ▀██▄▀▄█ █▀▄ ▄▄▄█▀▀▀█ ▀ █▄ █▀▀█ ▄ ▀█ ▄▄▀██▀█▀█▄ ▀▄ ▄▄ ▀█
█▀ █▀ ▄▄▀▄ ▄█▀▀▀ ▄▀ ▄ ▄▄▀ ▀▄▄▀▀█▀ ▄▄▀▄ ▀▀▀▄▀█▄▀▄  ▀▀ █▀ █ █
█ ▀▄█▄▀▄▄ █ ▀▀▀██ ▄█▀▄  ▀█▀▄▀  ▀▄ ▄▀█  ▄ ██▄▀ ██▀▀ ▄▀ ▀▄▄▀█
█ ▄▄▀▀ ▄ ▀██▄▀▀▄ ▄▄ ▄ ▄▀▄▀▄ ▄   █ ██▄ █ ██▀ ▄ ▀▄▄▀█▀▄█ ▀▄██
█▀▄ ▄  ▄▄██▀█▄▀█ ▄█▀▀▄▀ ▄▄██▀▀██▀▀▀█   ▀ █▄ ▀▄██▀█▄█  ▄▄█▀█
█▀▄ ▄█ ▄▄▄▀ ▀ ▄ ▀▀ ▄▀  █▀▄▄█▄▀ ▀ ▄█▄ ▄█▀ █▀ ▀▄▀█▄▀█▀▄█ ▀█▄█
█ ▀▀▄▀ ▄  ▀▀ ▀▄ ▄█▄█▄█▄▀▄ ▀ █▄█▄█▄██ ██ ▄█▄▄█▄ ▄█ ▄▀   █▀██
█▄▄ ▄▀▀▄▀▀ ▀ ▄█ ▀▄▀▄ ▀▄█  ▄ ▄█ ▀▀█▀   ▀ █▀▄▀█▄ █ ▀▄  █▄▀███
███▄  ▄▄▄  ▄ ▀▄  ▄▀  ▀▄ ▄▄▀ ▄▄▄ ▄▄ ▄ ▄▄▄▀ █▄▄█ ▀█ ▄▄▄ ▄█▄▀█
█▀█▄  █▄█ ██▀▄ █ ▄▄▀█▀▀█▄▀▄ █▄█ █  ▄ ▄▄  ▀  █  ▄▀ █▄█ ▄▄▀ █
█▀█▄▄▄▄▄ ▄█ ██▀ ▀   ▄▀▄ ▄▄█  ▄▄▄█ ▄▄█▀▀▄▀█▀███ ▀  ▄ ▄▄██▄▀█
█▀█ ▄▄▀▄██ ▄█▄▀▀ █▄▄▄  █▀  █▄▄▀ █ ▄█▀▄█▀▄█▀▀▀▄ █▀▀▀▄ ▄██  █
█▀▄█▀█▀▄ █▀█▄▄ ▀▄  ▀ ▀█  ▀ ▄▀▀▄█   ▀█▀  █▄ █▄▀▄ █ ▄█▀▀▄█ ██
█▀ █▄▄▀▄█ ██ ▀  ▄█▀▄▄▄▀▀▄ ▀▄▄█▀ █ ██▄▄█▀ █  █▄▀█▀▄ ▄ ▄▄  ▄█
█ █▄▄  ▄ ▄█ ▀▄▀█▀ █▀▀ ▀▄▀█▄▄▀ ██ █▀▀▄▄█▄▄▄██▀█▄▀█▀▀▀   █▄▄█
█ ▀█▀ ▀▄ ▀█ ▄▀▄█▀▄▀▄▀▀▄█ ▀ ▄ ███▄ ▄█ ▄▄  █▀ █▄ ▄███▄▄▄▄█▄ █
█▄▀▀ ▀ ▄ ████▀██▀ ▄█▄▄▀██▄█▀▀█▀█▀█▀▄▄▄▀█▀▄█▄▀█▀████▀ █▄▄ ██
█▄ ▄  █▄▄▀▄▄█ ▀▀▄▄▀ ▀▀▄▄  ▀█ █▄▄▀ ▀▄ ▄█  ▀▀▀█▄▀▄█▄▄█▀▄▄▄▄██
█ ▀ ▀▀▄▄█▄█▀▄█  ▀█▄▀ ▄▄  ▀▄▀█▀▀█▄█▄▄▄▄███▄▄▄▄▀▄▄ ▀▄▀ █▄█▀▀█
███████▄▄ ▄█▄▀▀█ █▄ ▄  █▀▀█ ▄▄▄ ▀▄▀█  █ █▀ ▀█  ▄▀ ▄▄▄ ▄█▄▄█
█ ▄▄▄▄▄ █▀  █▄ ▀█▄ ██ ▄▄▄█▄ █▄█ ▀█▀ █▀▀ ▄██▄▀▀█ ▀ █▄█ ██▄██
█ █   █ █▄▄▄█ █▀▀▀█▄▀  █▀▄▀  ▄ ▄█  ▄▄▄  ██▀  ▄▀█▄▄ ▄  ▀   █
█ █▄▄▄█ █▀▀▀▄▄██▄█▄▄▄██ ▄  █▀ ▄ █▄▄█▀ █  ███▀ ▄▀██ █▀ █████
█▄▄▄▄▄▄▄█▄████▄▄██▄▄▄█▄████▄█▄█▄███▄▄▄▄█▄█▄█▄▄▄▄▄▄▄█▄█▄▄█▄█

